2024-10-05 14:55:32 INFO  Utils:112 - [TestNG] Running:
  D:\Localopencart\opencartmodel\Master.xml

2024-10-05 14:57:17 INFO  Utils:112 - [TestNG] Running:
  D:\Localopencart\opencartmodel\Master.xml

2024-10-05 14:57:27 INFO  Tc01_AccountRegistractionTest:15 - *****TEST STARTED*****
2024-10-05 14:57:27 INFO  Tc01_AccountRegistractionTest:18 - *****MYACC LINK*****
2024-10-05 14:57:30 INFO  Tc01_AccountRegistractionTest:21 - *****REGISTER LINK*****
2024-10-05 14:57:34 INFO  Tc01_AccountRegistractionTest:33 - ***** Message Validation *****
2024-10-05 14:57:34 INFO  Tc01_AccountRegistractionTest:46 - *****TEST FINISHED*****
2024-10-05 14:57:39 INFO  Tc02_LoginTest:15 - ****Starting Tc02_LoginTest******** 
2024-10-05 14:57:39 INFO  Tc02_LoginTest:17 - ****Entering Homepage******** 
2024-10-05 14:57:39 INFO  Tc02_LoginTest:19 - ****Clicking MyAccount ******** 
2024-10-05 14:57:39 INFO  Tc02_LoginTest:21 - ****Clicking login ******** 
2024-10-05 14:57:41 INFO  Tc02_LoginTest:23 - ****Entering loginPage and entering details ******** 
2024-10-05 14:57:42 INFO  Tc02_LoginTest:28 - ****Entering Account Page after Login ******** 
2024-10-05 14:57:43 INFO  Tc02_LoginTest:43 - *****TEST FINISHED*****
2024-10-05 14:57:49 INFO  Tc03_LoginDDT:19 - **** Clicking MyAccount ******** 
2024-10-05 14:57:49 INFO  Tc03_LoginDDT:21 - **** Clicking login ******** 
2024-10-05 14:57:49 INFO  Tc03_LoginDDT:23 - **** Entering loginPage and entering details ******** 
2024-10-05 14:57:50 INFO  Tc03_LoginDDT:30 - **** Verifying login outcome ******** 
2024-10-05 14:57:51 INFO  Tc03_LoginDDT:19 - **** Clicking MyAccount ******** 
2024-10-05 14:57:52 INFO  Tc03_LoginDDT:21 - **** Clicking login ******** 
2024-10-05 14:57:52 INFO  Tc03_LoginDDT:23 - **** Entering loginPage and entering details ******** 
2024-10-05 14:57:53 INFO  Tc03_LoginDDT:30 - **** Verifying login outcome ******** 
2024-10-05 14:59:00 INFO  Utils:112 - [TestNG] Running:
  D:\Localopencart\opencartmodel\Master.xml

2024-10-05 14:59:35 INFO  Tc01_AccountRegistractionTest:15 - *****TEST STARTED*****
2024-10-05 14:59:35 INFO  Tc01_AccountRegistractionTest:18 - *****MYACC LINK*****
2024-10-05 14:59:37 INFO  Tc01_AccountRegistractionTest:21 - *****REGISTER LINK*****
2024-10-05 14:59:41 INFO  Tc01_AccountRegistractionTest:33 - ***** Message Validation *****
2024-10-05 14:59:41 INFO  Tc01_AccountRegistractionTest:46 - *****TEST FINISHED*****
2024-10-05 14:59:48 INFO  Tc02_LoginTest:15 - ****Starting Tc02_LoginTest******** 
2024-10-05 14:59:48 INFO  Tc02_LoginTest:17 - ****Entering Homepage******** 
2024-10-05 14:59:48 INFO  Tc02_LoginTest:19 - ****Clicking MyAccount ******** 
2024-10-05 14:59:48 INFO  Tc02_LoginTest:21 - ****Clicking login ******** 
2024-10-05 14:59:49 INFO  Tc02_LoginTest:23 - ****Entering loginPage and entering details ******** 
2024-10-05 14:59:50 INFO  Tc02_LoginTest:28 - ****Entering Account Page after Login ******** 
2024-10-05 14:59:51 INFO  Tc02_LoginTest:43 - *****TEST FINISHED*****
2024-10-05 14:59:57 INFO  Tc03_LoginDDT:19 - **** Clicking MyAccount ******** 
2024-10-05 14:59:57 INFO  Tc03_LoginDDT:21 - **** Clicking login ******** 
2024-10-05 15:00:01 INFO  Tc03_LoginDDT:23 - **** Entering loginPage and entering details ******** 
2024-10-05 15:00:02 INFO  Tc03_LoginDDT:30 - **** Verifying login outcome ******** 
2024-10-05 15:00:04 INFO  Tc03_LoginDDT:19 - **** Clicking MyAccount ******** 
2024-10-05 15:00:04 INFO  Tc03_LoginDDT:21 - **** Clicking login ******** 
2024-10-05 15:00:04 INFO  Tc03_LoginDDT:23 - **** Entering loginPage and entering details ******** 
2024-10-05 15:00:05 INFO  Tc03_LoginDDT:30 - **** Verifying login outcome ******** 
2024-10-05 16:59:10 INFO  Utils:112 - [TestNG] Running:
  D:\Localopencart\opencartmodel\grid-docker.xml

2024-10-05 17:09:32 INFO  Utils:112 - [TestNG] Running:
  D:\Localopencart\opencartmodel\grid-docker.xml

2024-10-05 17:27:21 INFO  Utils:112 - [TestNG] Running:
  D:\Localopencart\opencartmodel\grid-docker.xml

2024-10-05 17:57:55 INFO  Tc01_AccountRegistractionTest:15 - *****TEST STARTED*****
2024-10-05 17:57:55 INFO  Tc01_AccountRegistractionTest:18 - *****MYACC LINK*****
2024-10-05 17:57:59 INFO  Tc01_AccountRegistractionTest:21 - *****REGISTER LINK*****
2024-10-05 17:58:06 INFO  Tc01_AccountRegistractionTest:33 - ***** Message Validation *****
2024-10-05 17:58:06 INFO  Tc01_AccountRegistractionTest:46 - *****TEST FINISHED*****
2024-10-05 17:58:11 INFO  Tc02_LoginTest:15 - ****Starting Tc02_LoginTest******** 
2024-10-05 17:58:11 INFO  Tc02_LoginTest:17 - ****Entering Homepage******** 
2024-10-05 17:58:11 INFO  Tc02_LoginTest:19 - ****Clicking MyAccount ******** 
2024-10-05 17:58:12 INFO  Tc02_LoginTest:21 - ****Clicking login ******** 
2024-10-05 17:58:13 INFO  Tc02_LoginTest:23 - ****Entering loginPage and entering details ******** 
2024-10-05 17:58:15 INFO  Tc02_LoginTest:28 - ****Entering Account Page after Login ******** 
2024-10-05 17:58:15 INFO  Tc02_LoginTest:43 - *****TEST FINISHED*****
2024-10-05 17:58:23 INFO  Tc03_LoginDDT:19 - **** Clicking MyAccount ******** 
2024-10-05 17:58:23 INFO  Tc03_LoginDDT:21 - **** Clicking login ******** 
2024-10-05 17:58:24 INFO  Tc03_LoginDDT:23 - **** Entering loginPage and entering details ******** 
2024-10-05 17:58:25 INFO  Tc03_LoginDDT:30 - **** Verifying login outcome ******** 
2024-10-05 17:58:27 INFO  Tc03_LoginDDT:19 - **** Clicking MyAccount ******** 
2024-10-05 17:58:27 INFO  Tc03_LoginDDT:21 - **** Clicking login ******** 
2024-10-05 17:58:27 INFO  Tc03_LoginDDT:23 - **** Entering loginPage and entering details ******** 
2024-10-05 17:58:28 INFO  Tc03_LoginDDT:30 - **** Verifying login outcome ******** 
2024-10-05 18:03:13 INFO  Tc01_AccountRegistractionTest:15 - *****TEST STARTED*****
2024-10-05 18:03:13 INFO  Tc01_AccountRegistractionTest:18 - *****MYACC LINK*****
2024-10-05 18:03:15 INFO  Tc01_AccountRegistractionTest:21 - *****REGISTER LINK*****
2024-10-05 18:03:20 INFO  Tc01_AccountRegistractionTest:33 - ***** Message Validation *****
2024-10-05 18:03:20 INFO  Tc01_AccountRegistractionTest:46 - *****TEST FINISHED*****
2024-10-05 18:03:26 INFO  Tc02_LoginTest:15 - ****Starting Tc02_LoginTest******** 
2024-10-05 18:03:26 INFO  Tc02_LoginTest:17 - ****Entering Homepage******** 
2024-10-05 18:03:26 INFO  Tc02_LoginTest:19 - ****Clicking MyAccount ******** 
2024-10-05 18:03:26 INFO  Tc02_LoginTest:21 - ****Clicking login ******** 
2024-10-05 18:03:28 INFO  Tc02_LoginTest:23 - ****Entering loginPage and entering details ******** 
2024-10-05 18:03:30 INFO  Tc02_LoginTest:28 - ****Entering Account Page after Login ******** 
2024-10-05 18:03:31 INFO  Tc02_LoginTest:43 - *****TEST FINISHED*****
2024-10-05 18:03:51 INFO  Tc03_LoginDDT:19 - **** Clicking MyAccount ******** 
2024-10-05 18:03:51 INFO  Tc03_LoginDDT:21 - **** Clicking login ******** 
2024-10-05 18:03:52 INFO  Tc03_LoginDDT:23 - **** Entering loginPage and entering details ******** 
2024-10-05 18:03:56 INFO  Tc03_LoginDDT:30 - **** Verifying login outcome ******** 
2024-10-05 18:03:57 INFO  Tc03_LoginDDT:19 - **** Clicking MyAccount ******** 
2024-10-05 18:03:58 INFO  Tc03_LoginDDT:21 - **** Clicking login ******** 
2024-10-05 18:03:58 INFO  Tc03_LoginDDT:23 - **** Entering loginPage and entering details ******** 
2024-10-05 18:03:59 INFO  Tc03_LoginDDT:30 - **** Verifying login outcome ******** 
2024-10-05 22:07:49 INFO  Tc01_AccountRegistractionTest:15 - *****TEST STARTED*****
2024-10-05 22:07:49 INFO  Tc01_AccountRegistractionTest:18 - *****MYACC LINK*****
2024-10-05 22:07:53 INFO  Tc01_AccountRegistractionTest:21 - *****REGISTER LINK*****
2024-10-05 22:08:02 INFO  Tc01_AccountRegistractionTest:33 - ***** Message Validation *****
2024-10-05 22:08:02 INFO  Tc01_AccountRegistractionTest:46 - *****TEST FINISHED*****
2024-10-05 22:08:08 INFO  Tc02_LoginTest:15 - ****Starting Tc02_LoginTest******** 
2024-10-05 22:08:08 INFO  Tc02_LoginTest:17 - ****Entering Homepage******** 
2024-10-05 22:08:08 INFO  Tc02_LoginTest:19 - ****Clicking MyAccount ******** 
2024-10-05 22:08:08 INFO  Tc02_LoginTest:21 - ****Clicking login ******** 
2024-10-05 22:08:09 INFO  Tc02_LoginTest:23 - ****Entering loginPage and entering details ******** 
2024-10-05 22:11:12 INFO  Tc01_AccountRegistractionTest:15 - *****TEST STARTED*****
2024-10-05 22:11:12 INFO  Tc01_AccountRegistractionTest:18 - *****MYACC LINK*****
2024-10-05 22:11:14 INFO  Tc01_AccountRegistractionTest:21 - *****REGISTER LINK*****
2024-10-05 22:11:20 INFO  Tc01_AccountRegistractionTest:33 - ***** Message Validation *****
2024-10-05 22:11:20 INFO  Tc01_AccountRegistractionTest:46 - *****TEST FINISHED*****
2024-10-05 22:11:28 INFO  Tc02_LoginTest:15 - ****Starting Tc02_LoginTest******** 
2024-10-05 22:11:28 INFO  Tc02_LoginTest:17 - ****Entering Homepage******** 
2024-10-05 22:11:28 INFO  Tc02_LoginTest:19 - ****Clicking MyAccount ******** 
2024-10-05 22:11:28 INFO  Tc02_LoginTest:21 - ****Clicking login ******** 
2024-10-05 22:11:30 INFO  Tc02_LoginTest:23 - ****Entering loginPage and entering details ******** 
2024-10-05 22:11:31 INFO  Tc02_LoginTest:28 - ****Entering Account Page after Login ******** 
2024-10-05 22:11:32 INFO  Tc02_LoginTest:43 - *****TEST FINISHED*****
2024-10-05 22:11:41 INFO  Tc03_LoginDDT:19 - **** Clicking MyAccount ******** 
2024-10-05 22:11:41 INFO  Tc03_LoginDDT:21 - **** Clicking login ******** 
2024-10-05 22:11:44 INFO  Tc03_LoginDDT:23 - **** Entering loginPage and entering details ******** 
2024-10-05 22:11:46 INFO  Tc03_LoginDDT:30 - **** Verifying login outcome ******** 
2024-10-05 22:11:48 INFO  Tc03_LoginDDT:19 - **** Clicking MyAccount ******** 
2024-10-05 22:11:48 INFO  Tc03_LoginDDT:21 - **** Clicking login ******** 
2024-10-05 22:11:49 INFO  Tc03_LoginDDT:23 - **** Entering loginPage and entering details ******** 
2024-10-05 22:11:54 INFO  Tc03_LoginDDT:30 - **** Verifying login outcome ******** 
2024-10-05 22:12:58 INFO  Tc01_AccountRegistractionTest:15 - *****TEST STARTED*****
2024-10-05 22:12:58 INFO  Tc01_AccountRegistractionTest:18 - *****MYACC LINK*****
2024-10-05 22:12:59 INFO  Tc01_AccountRegistractionTest:21 - *****REGISTER LINK*****
2024-10-05 22:13:05 INFO  Tc01_AccountRegistractionTest:33 - ***** Message Validation *****
2024-10-05 22:13:05 INFO  Tc01_AccountRegistractionTest:46 - *****TEST FINISHED*****
2024-10-05 22:13:16 INFO  Tc02_LoginTest:15 - ****Starting Tc02_LoginTest******** 
2024-10-05 22:13:16 INFO  Tc02_LoginTest:17 - ****Entering Homepage******** 
2024-10-05 22:13:16 INFO  Tc02_LoginTest:19 - ****Clicking MyAccount ******** 
2024-10-05 22:13:17 INFO  Tc02_LoginTest:21 - ****Clicking login ******** 
2024-10-05 22:13:20 INFO  Tc02_LoginTest:23 - ****Entering loginPage and entering details ******** 
2024-10-05 22:13:22 INFO  Tc02_LoginTest:28 - ****Entering Account Page after Login ******** 
2024-10-05 22:13:24 INFO  Tc02_LoginTest:43 - *****TEST FINISHED*****
2024-10-05 22:13:38 INFO  Tc03_LoginDDT:19 - **** Clicking MyAccount ******** 
2024-10-05 22:13:38 INFO  Tc03_LoginDDT:21 - **** Clicking login ******** 
2024-10-05 22:13:41 INFO  Tc03_LoginDDT:23 - **** Entering loginPage and entering details ******** 
2024-10-05 22:13:43 INFO  Tc03_LoginDDT:30 - **** Verifying login outcome ******** 
2024-10-05 22:13:48 INFO  Tc03_LoginDDT:19 - **** Clicking MyAccount ******** 
2024-10-05 22:13:48 INFO  Tc03_LoginDDT:21 - **** Clicking login ******** 
2024-10-05 22:13:52 INFO  Tc03_LoginDDT:23 - **** Entering loginPage and entering details ******** 
2024-10-05 22:13:55 INFO  Tc03_LoginDDT:30 - **** Verifying login outcome ******** 
2024-10-05 22:28:50 INFO  Tc01_AccountRegistractionTest:15 - *****TEST STARTED*****
2024-10-05 22:28:50 INFO  Tc01_AccountRegistractionTest:18 - *****MYACC LINK*****
2024-10-05 22:28:54 INFO  Tc01_AccountRegistractionTest:21 - *****REGISTER LINK*****
2024-10-05 22:29:01 INFO  Tc01_AccountRegistractionTest:33 - ***** Message Validation *****
2024-10-05 22:29:01 INFO  Tc01_AccountRegistractionTest:46 - *****TEST FINISHED*****
2024-10-05 22:29:11 INFO  Tc01_AccountRegistractionTest:15 - *****TEST STARTED*****
2024-10-05 22:29:11 INFO  Tc01_AccountRegistractionTest:18 - *****MYACC LINK*****
2024-10-05 22:29:15 INFO  Tc02_LoginTest:15 - ****Starting Tc02_LoginTest******** 
2024-10-05 22:29:15 INFO  Tc02_LoginTest:17 - ****Entering Homepage******** 
2024-10-05 22:29:15 INFO  Tc02_LoginTest:19 - ****Clicking MyAccount ******** 
2024-10-05 22:29:16 INFO  Tc01_AccountRegistractionTest:21 - *****REGISTER LINK*****
2024-10-05 22:29:16 INFO  Tc02_LoginTest:21 - ****Clicking login ******** 
2024-10-05 22:29:19 INFO  Tc02_LoginTest:23 - ****Entering loginPage and entering details ******** 
2024-10-05 22:29:22 INFO  Tc02_LoginTest:28 - ****Entering Account Page after Login ******** 
2024-10-05 22:29:23 INFO  Tc02_LoginTest:43 - *****TEST FINISHED*****
2024-10-05 22:29:24 INFO  Tc01_AccountRegistractionTest:33 - ***** Message Validation *****
2024-10-05 22:29:24 INFO  Tc01_AccountRegistractionTest:46 - *****TEST FINISHED*****
2024-10-05 22:29:33 INFO  Tc02_LoginTest:15 - ****Starting Tc02_LoginTest******** 
2024-10-05 22:29:33 INFO  Tc02_LoginTest:17 - ****Entering Homepage******** 
2024-10-05 22:29:33 INFO  Tc02_LoginTest:19 - ****Clicking MyAccount ******** 
2024-10-05 22:29:35 INFO  Tc02_LoginTest:21 - ****Clicking login ******** 
2024-10-05 22:29:37 INFO  Tc02_LoginTest:23 - ****Entering loginPage and entering details ******** 
2024-10-05 22:29:38 INFO  Tc03_LoginDDT:19 - **** Clicking MyAccount ******** 
2024-10-05 22:29:38 INFO  Tc03_LoginDDT:21 - **** Clicking login ******** 
2024-10-05 22:29:39 INFO  Tc02_LoginTest:28 - ****Entering Account Page after Login ******** 
2024-10-05 22:29:40 INFO  Tc03_LoginDDT:23 - **** Entering loginPage and entering details ******** 
2024-10-05 22:29:41 INFO  Tc02_LoginTest:43 - *****TEST FINISHED*****
2024-10-05 22:29:42 INFO  Tc03_LoginDDT:30 - **** Verifying login outcome ******** 
2024-10-05 22:29:44 INFO  Tc03_LoginDDT:19 - **** Clicking MyAccount ******** 
2024-10-05 22:29:44 INFO  Tc03_LoginDDT:21 - **** Clicking login ******** 
2024-10-05 22:29:46 INFO  Tc03_LoginDDT:23 - **** Entering loginPage and entering details ******** 
2024-10-05 22:29:50 INFO  Tc03_LoginDDT:19 - **** Clicking MyAccount ******** 
2024-10-05 22:29:51 INFO  Tc03_LoginDDT:30 - **** Verifying login outcome ******** 
2024-10-05 22:29:51 INFO  Tc03_LoginDDT:21 - **** Clicking login ******** 
2024-10-05 22:29:52 INFO  Tc03_LoginDDT:23 - **** Entering loginPage and entering details ******** 
2024-10-05 22:29:54 INFO  Tc03_LoginDDT:30 - **** Verifying login outcome ******** 
2024-10-05 22:29:56 INFO  Tc03_LoginDDT:19 - **** Clicking MyAccount ******** 
2024-10-05 22:29:56 INFO  Tc03_LoginDDT:21 - **** Clicking login ******** 
2024-10-05 22:29:57 INFO  Tc03_LoginDDT:23 - **** Entering loginPage and entering details ******** 
2024-10-05 22:29:59 INFO  Tc03_LoginDDT:30 - **** Verifying login outcome ******** 
